Compiling the C compiler identification source file "CMakeCCompilerId.c" failed.
Compiler: /mnt/c/msys64/mingw64/bin/gcc.exe 
Build flags: 
Id flags:  

The output was:
1


Compiling the C compiler identification source file "CMakeCCompilerId.c" failed.
Compiler: /mnt/c/msys64/mingw64/bin/gcc.exe 
Build flags: 
Id flags: -c 

The output was:
1


Compiling the C compiler identification source file "CMakeCCompilerId.c" failed.
Compiler: /mnt/c/msys64/mingw64/bin/gcc.exe 
Build flags: 
Id flags: -Aa 

The output was:
1


Compiling the C compiler identification source file "CMakeCCompilerId.c" failed.
Compiler: /mnt/c/msys64/mingw64/bin/gcc.exe 
Build flags: 
Id flags: -D__CLASSIC_C__ 

The output was:
1


Compiling the C compiler identification source file "CMakeCCompilerId.c" failed.
Compiler: /mnt/c/msys64/mingw64/bin/gcc.exe 
Build flags: 
Id flags: --target=arm-arm-none-eabi;-mcpu=cortex-m3 

The output was:
1
gcc.exe: warning: '-mcpu=' is deprecated; use '-mtune=' or '-march=' instead
gcc.exe: error: unrecognized command-line option '--target=arm-arm-none-eabi'


Compiling the C compiler identification source file "CMakeCCompilerId.c" failed.
Compiler: /mnt/c/msys64/mingw64/bin/gcc.exe 
Build flags: 
Id flags: -c;-I__does_not_exist__ 

The output was:
1


Compiling the C compiler identification source file "CMakeCCompilerId.c" failed.
Compiler: /mnt/c/msys64/mingw64/bin/gcc.exe 
Build flags: 
Id flags:  

The output was:
1


Compiling the C compiler identification source file "CMakeCCompilerId.c" failed.
Compiler: /mnt/c/msys64/mingw64/bin/gcc.exe 
Build flags: 
Id flags: -c 

The output was:
1


Compiling the C compiler identification source file "CMakeCCompilerId.c" failed.
Compiler: /mnt/c/msys64/mingw64/bin/gcc.exe 
Build flags: 
Id flags: -Aa 

The output was:
1


Compiling the C compiler identification source file "CMakeCCompilerId.c" failed.
Compiler: /mnt/c/msys64/mingw64/bin/gcc.exe 
Build flags: 
Id flags: -D__CLASSIC_C__ 

The output was:
1


Compiling the C compiler identification source file "CMakeCCompilerId.c" failed.
Compiler: /mnt/c/msys64/mingw64/bin/gcc.exe 
Build flags: 
Id flags: --target=arm-arm-none-eabi;-mcpu=cortex-m3 

The output was:
1
gcc.exe: warning: '-mcpu=' is deprecated; use '-mtune=' or '-march=' instead
gcc.exe: error: unrecognized command-line option '--target=arm-arm-none-eabi'


Compiling the C compiler identification source file "CMakeCCompilerId.c" failed.
Compiler: /mnt/c/msys64/mingw64/bin/gcc.exe 
Build flags: 
Id flags: -c;-I__does_not_exist__ 

The output was:
1


Checking whether the C compiler is IAR using "" did not match "IAR .+ Compiler":
gcc.exe: fatal error: no input files
compilation terminated.
Checking whether the C compiler is IAR using "" did not match "IAR .+ Compiler":
gcc.exe: fatal error: no input files
compilation terminated.
Compiling the CXX compiler identification source file "CMakeCXXCompilerId.cpp" failed.
Compiler: /mnt/c/msys64/mingw64/bin/g++.exe 
Build flags: 
Id flags:  

The output was:
1


Compiling the CXX compiler identification source file "CMakeCXXCompilerId.cpp" failed.
Compiler: /mnt/c/msys64/mingw64/bin/g++.exe 
Build flags: 
Id flags: -c 

The output was:
1


Compiling the CXX compiler identification source file "CMakeCXXCompilerId.cpp" failed.
Compiler: /mnt/c/msys64/mingw64/bin/g++.exe 
Build flags: 
Id flags: --c++ 

The output was:
1
g++.exe: error: unrecognized command-line option '--c++'


Compiling the CXX compiler identification source file "CMakeCXXCompilerId.cpp" failed.
Compiler: /mnt/c/msys64/mingw64/bin/g++.exe 
Build flags: 
Id flags: --ec++ 

The output was:
1
g++.exe: error: unrecognized command-line option '--ec++'; did you mean '-Weffc++'?


Compiling the CXX compiler identification source file "CMakeCXXCompilerId.cpp" failed.
Compiler: /mnt/c/msys64/mingw64/bin/g++.exe 
Build flags: 
Id flags: --target=arm-arm-none-eabi;-mcpu=cortex-m3 

The output was:
1
g++.exe: warning: '-mcpu=' is deprecated; use '-mtune=' or '-march=' instead
g++.exe: error: unrecognized command-line option '--target=arm-arm-none-eabi'


Compiling the CXX compiler identification source file "CMakeCXXCompilerId.cpp" failed.
Compiler: /mnt/c/msys64/mingw64/bin/g++.exe 
Build flags: 
Id flags: -c;-I__does_not_exist__ 

The output was:
1


Compiling the CXX compiler identification source file "CMakeCXXCompilerId.cpp" failed.
Compiler: /mnt/c/msys64/mingw64/bin/g++.exe 
Build flags: 
Id flags:  

The output was:
1


Compiling the CXX compiler identification source file "CMakeCXXCompilerId.cpp" failed.
Compiler: /mnt/c/msys64/mingw64/bin/g++.exe 
Build flags: 
Id flags: -c 

The output was:
1


Compiling the CXX compiler identification source file "CMakeCXXCompilerId.cpp" failed.
Compiler: /mnt/c/msys64/mingw64/bin/g++.exe 
Build flags: 
Id flags: --c++ 

The output was:
1
g++.exe: error: unrecognized command-line option '--c++'


Compiling the CXX compiler identification source file "CMakeCXXCompilerId.cpp" failed.
Compiler: /mnt/c/msys64/mingw64/bin/g++.exe 
Build flags: 
Id flags: --ec++ 

The output was:
1
g++.exe: error: unrecognized command-line option '--ec++'; did you mean '-Weffc++'?


Compiling the CXX compiler identification source file "CMakeCXXCompilerId.cpp" failed.
Compiler: /mnt/c/msys64/mingw64/bin/g++.exe 
Build flags: 
Id flags: --target=arm-arm-none-eabi;-mcpu=cortex-m3 

The output was:
1
g++.exe: warning: '-mcpu=' is deprecated; use '-mtune=' or '-march=' instead
g++.exe: error: unrecognized command-line option '--target=arm-arm-none-eabi'


Compiling the CXX compiler identification source file "CMakeCXXCompilerId.cpp" failed.
Compiler: /mnt/c/msys64/mingw64/bin/g++.exe 
Build flags: 
Id flags: -c;-I__does_not_exist__ 

The output was:
1


Checking whether the CXX compiler is IAR using "" did not match "IAR .+ Compiler":
g++.exe: fatal error: no input files
compilation terminated.
Checking whether the CXX compiler is IAR using "" did not match "IAR .+ Compiler":
g++.exe: fatal error: no input files
compilation terminated.
Detecting C compiler ABI info failed to compile with the following output:
Change Dir: /home/twalker/Code/walker-mentee-evaluation-problems/C/format_phone_numbers/build/CMakeFiles/CMakeTmp

Run Build Command(s):/usr/bin/gmake -f Makefile cmTC_84db1/fast && /usr/bin/gmake  -f CMakeFiles/cmTC_84db1.dir/build.make CMakeFiles/cmTC_84db1.dir/build
gmake[1]: Entering directory '/home/twalker/Code/walker-mentee-evaluation-problems/C/format_phone_numbers/build/CMakeFiles/CMakeTmp'
Building C object CMakeFiles/cmTC_84db1.dir/CMakeCCompilerABI.c.o
/mnt/c/msys64/mingw64/bin/gcc.exe    -o CMakeFiles/cmTC_84db1.dir/CMakeCCompilerABI.c.o -c /usr/share/cmake-3.22/Modules/CMakeCCompilerABI.c
gmake[1]: *** [CMakeFiles/cmTC_84db1.dir/build.make:78: CMakeFiles/cmTC_84db1.dir/CMakeCCompilerABI.c.o] Error 1
gmake[1]: Leaving directory '/home/twalker/Code/walker-mentee-evaluation-problems/C/format_phone_numbers/build/CMakeFiles/CMakeTmp'
gmake: *** [Makefile:127: cmTC_84db1/fast] Error 2




Determining if the C compiler works failed with the following output:
Change Dir: /home/twalker/Code/walker-mentee-evaluation-problems/C/format_phone_numbers/build/CMakeFiles/CMakeTmp

Run Build Command(s):/usr/bin/gmake -f Makefile cmTC_9c3c8/fast && /usr/bin/gmake  -f CMakeFiles/cmTC_9c3c8.dir/build.make CMakeFiles/cmTC_9c3c8.dir/build
gmake[1]: Entering directory '/home/twalker/Code/walker-mentee-evaluation-problems/C/format_phone_numbers/build/CMakeFiles/CMakeTmp'
Building C object CMakeFiles/cmTC_9c3c8.dir/testCCompiler.c.o
/mnt/c/msys64/mingw64/bin/gcc.exe    -o CMakeFiles/cmTC_9c3c8.dir/testCCompiler.c.o -c /home/twalker/Code/walker-mentee-evaluation-problems/C/format_phone_numbers/build/CMakeFiles/CMakeTmp/testCCompiler.c
gmake[1]: *** [CMakeFiles/cmTC_9c3c8.dir/build.make:78: CMakeFiles/cmTC_9c3c8.dir/testCCompiler.c.o] Error 1
gmake[1]: Leaving directory '/home/twalker/Code/walker-mentee-evaluation-problems/C/format_phone_numbers/build/CMakeFiles/CMakeTmp'
gmake: *** [Makefile:127: cmTC_9c3c8/fast] Error 2



